[24Jul2025 00:06:44.194] [Server thread/INFO] [net.minecraft.server.MinecraftServer/]: [Not Secure] <Otaku6063> zzzz
[24Jul2025 00:07:12.496] [Server thread/INFO] [net.minecraft.server.network.ServerGamePacketListenerImpl/]: Curlyelperroo lost connection: Timed out
[24Jul2025 00:07:12.496] [Server thread/INFO] [net.minecraft.server.MinecraftServer/]: Curlyelperroo left the game
[24Jul2025 00:07:12.547] [Server thread/WARN] [net.minecraft.network.Connection/]: handleDisconnection() called twice
[24Jul2025 00:07:26.203] [Server thread/INFO] [net.minecraft.server.players.PlayerList/]: Curlyelperroo[/172.22.1.61:59738] logged in with entity id 13036 at (767.5, 66.0, 166.5)
[24Jul2025 00:07:26.219] [Server thread/INFO] [net.minecraft.server.MinecraftServer/]: Curlyelperroo joined the game
[24Jul2025 00:07:26.269] [Server thread/INFO] [Jade/]: Syncing config to Curlyelperroo (143bd22d-2d84-37b2-b23a-7c012410f6a8)
[24Jul2025 00:15:31.690] [Server thread/INFO] [net.minecraft.server.network.ServerGamePacketListenerImpl/]: Otaku6063 lost connection: Disconnected
[24Jul2025 00:15:31.690] [Server thread/INFO] [net.minecraft.server.MinecraftServer/]: Otaku6063 left the game
[24Jul2025 00:15:40.100] [Server thread/INFO] [net.minecraft.server.players.PlayerList/]: Otaku6063[/172.22.42.121:58884] logged in with entity id 16297 at (793.6999999880791, 73.0, 131.76009740584863)
[24Jul2025 00:15:40.104] [Server thread/INFO] [ModernFix/]: Using enhanced recipe sync for player Otaku6063
[24Jul2025 00:15:40.112] [Server thread/INFO] [net.minecraft.server.MinecraftServer/]: Otaku6063 joined the game
[24Jul2025 00:15:40.165] [Server thread/INFO] [Jade/]: Syncing config to Otaku6063 (25f1de13-4001-3ca5-9353-f2b93d25a972)
[24Jul2025 00:18:45.204] [Server thread/INFO] [net.minecraft.server.MinecraftServer/]: [Otaku6063: Set own game mode to Creative Mode]
[24Jul2025 00:23:33.193] [Server thread/INFO] [net.minecraft.server.MinecraftServer/]: [Otaku6063: Set own game mode to Survival Mode]
[24Jul2025 00:24:43.465] [Server thread/INFO] [net.minecraft.server.MinecraftServer/]: [Otaku6063: Set own game mode to Creative Mode]
[24Jul2025 00:25:21.113] [Server thread/INFO] [net.minecraft.server.MinecraftServer/]: [Otaku6063: Set own game mode to Survival Mode]
[24Jul2025 00:26:45.951] [Server thread/WARN] [net.minecraft.server.level.ServerPlayerGameMode/]: Mismatch in destroy block pos: BlockPos{x=1023, y=65, z=39} BlockPos{x=1023, y=63, z=40}
[24Jul2025 00:26:46.520] [Server thread/WARN] [net.minecraft.server.level.ServerPlayerGameMode/]: Mismatch in destroy block pos: BlockPos{x=1025, y=65, z=37} BlockPos{x=1026, y=63, z=37}
[24Jul2025 00:26:46.525] [Server thread/WARN] [net.minecraft.server.level.ServerPlayerGameMode/]: Mismatch in destroy block pos: BlockPos{x=1025, y=65, z=37} BlockPos{x=1026, y=63, z=37}
[24Jul2025 00:26:46.619] [Server thread/WARN] [net.minecraft.server.level.ServerPlayerGameMode/]: Mismatch in destroy block pos: BlockPos{x=1025, y=65, z=37} BlockPos{x=1026, y=63, z=37}
[24Jul2025 00:26:46.701] [Server thread/WARN] [net.minecraft.server.level.ServerPlayerGameMode/]: Mismatch in destroy block pos: BlockPos{x=1028, y=64, z=38} BlockPos{x=1026, y=63, z=37}
[24Jul2025 00:27:12.948] [Server thread/INFO] [net.minecraft.server.MinecraftServer/]: [Curlyelperroo: Teleported Curlyelperroo to Otaku6063]
[24Jul2025 00:27:51.942] [Server thread/WARN] [net.minecraft.server.level.ServerPlayerGameMode/]: Mismatch in destroy block pos: BlockPos{x=1235, y=72, z=-21} BlockPos{x=1236, y=70, z=-21}
[24Jul2025 00:27:52.022] [Server thread/WARN] [net.minecraft.server.level.ServerPlayerGameMode/]: Mismatch in destroy block pos: BlockPos{x=1235, y=72, z=-21} BlockPos{x=1236, y=70, z=-21}
[24Jul2025 00:27:52.059] [Server thread/WARN] [net.minecraft.server.level.ServerPlayerGameMode/]: Mismatch in destroy block pos: BlockPos{x=1235, y=72, z=-21} BlockPos{x=1236, y=70, z=-21}
[24Jul2025 00:31:03.652] [Worker-Main-1/WARN] [ModernFix/]: Skipped emitting ENTITY_MOUNT game event for entity Chicken['Chicken'/27269, l='ServerLevel[world]', x=2250.50, y=47.00, z=-182.50] as it would cause deadlock
[24Jul2025 00:31:28.672] [Server thread/WARN] [net.minecraft.server.network.ServerGamePacketListenerImpl/]: Boat (vehicle of Otaku6063) moved wrongly! 0.30475058728559645
[24Jul2025 00:31:28.704] [Server thread/WARN] [net.minecraft.server.network.ServerGamePacketListenerImpl/]: Boat (vehicle of Otaku6063) moved wrongly! 0.6628911812563736
[24Jul2025 00:31:28.748] [Server thread/WARN] [net.minecraft.server.network.ServerGamePacketListenerImpl/]: Boat (vehicle of Otaku6063) moved wrongly! 1.0198651124388896
[24Jul2025 00:31:28.821] [Server thread/WARN] [net.minecraft.server.network.ServerGamePacketListenerImpl/]: Boat (vehicle of Otaku6063) moved wrongly! 1.3734291316150617
[24Jul2025 00:31:28.826] [Server thread/WARN] [net.minecraft.server.network.ServerGamePacketListenerImpl/]: Boat (vehicle of Otaku6063) moved wrongly! 1.713343250907993
[24Jul2025 00:31:29.700] [Server thread/WARN] [net.minecraft.server.network.ServerGamePacketListenerImpl/]: Boat (vehicle of Otaku6063) moved wrongly! 2.6905322209234264
[24Jul2025 00:31:29.700] [Server thread/WARN] [net.minecraft.server.network.ServerGamePacketListenerImpl/]: Boat (vehicle of Otaku6063) moved wrongly! 2.6905322209234264
[24Jul2025 00:31:29.700] [Server thread/WARN] [net.minecraft.server.network.ServerGamePacketListenerImpl/]: Boat (vehicle of Otaku6063) moved wrongly! 2.3808190921259893
[24Jul2025 00:31:29.700] [Server thread/WARN] [net.minecraft.server.network.ServerGamePacketListenerImpl/]: Boat (vehicle of Otaku6063) moved wrongly! 2.0672116025104224
[24Jul2025 00:31:29.701] [Server thread/WARN] [net.minecraft.server.network.ServerGamePacketListenerImpl/]: Boat (vehicle of Otaku6063) moved wrongly! 1.751050217611681
[24Jul2025 00:31:29.701] [Server thread/WARN] [net.minecraft.server.network.ServerGamePacketListenerImpl/]: Boat (vehicle of Otaku6063) moved wrongly! 1.4335083950107048
[24Jul2025 00:31:29.701] [Server thread/WARN] [net.minecraft.server.network.ServerGamePacketListenerImpl/]: Boat (vehicle of Otaku6063) moved wrongly! 1.115599316256965
[24Jul2025 00:31:29.702] [Server thread/WARN] [net.minecraft.server.network.ServerGamePacketListenerImpl/]: Boat (vehicle of Otaku6063) moved wrongly! 0.7981870715980399
[24Jul2025 00:31:29.702] [Server thread/WARN] [net.minecraft.server.network.ServerGamePacketListenerImpl/]: Boat (vehicle of Otaku6063) moved wrongly! 0.4819984380068689
[24Jul2025 00:31:29.703] [Server thread/WARN] [net.minecraft.server.network.ServerGamePacketListenerImpl/]: Boat (vehicle of Otaku6063) moved wrongly! 2.6905322209234264
[24Jul2025 00:31:29.703] [Server thread/WARN] [net.minecraft.server.network.ServerGamePacketListenerImpl/]: Boat (vehicle of Otaku6063) moved wrongly! 2.6383309015633287
[24Jul2025 00:31:29.703] [Server thread/WARN] [net.minecraft.server.network.ServerGamePacketListenerImpl/]: Boat (vehicle of Otaku6063) moved wrongly! 2.6905322209234264
[24Jul2025 00:31:29.703] [Server thread/WARN] [net.minecraft.server.network.ServerGamePacketListenerImpl/]: Boat (vehicle of Otaku6063) moved wrongly! 2.6905322209234264
[24Jul2025 00:31:29.704] [Server thread/WARN] [net.minecraft.server.network.ServerGamePacketListenerImpl/]: Boat (vehicle of Otaku6063) moved wrongly! 2.6626328755403783
[24Jul2025 00:31:29.755] [Server thread/WARN] [net.minecraft.server.network.ServerGamePacketListenerImpl/]: Boat (vehicle of Otaku6063) moved wrongly! 2.6499591328061634
[24Jul2025 00:31:29.794] [Server thread/WARN] [net.minecraft.server.network.ServerGamePacketListenerImpl/]: Boat (vehicle of Otaku6063) moved wrongly! 2.6245971847047294
[24Jul2025 00:31:29.851] [Server thread/WARN] [net.minecraft.server.network.ServerGamePacketListenerImpl/]: Boat (vehicle of Otaku6063) moved wrongly! 2.579170628493859
[24Jul2025 00:31:29.899] [Server thread/WARN] [net.minecraft.server.network.ServerGamePacketListenerImpl/]: Boat (vehicle of Otaku6063) moved wrongly! 2.5172281006515362
[24Jul2025 00:31:29.953] [Server thread/WARN] [net.minecraft.server.network.ServerGamePacketListenerImpl/]: Boat (vehicle of Otaku6063) moved wrongly! 2.4418507155567717
[24Jul2025 00:31:30.010] [Server thread/WARN] [net.minecraft.server.network.ServerGamePacketListenerImpl/]: Boat (vehicle of Otaku6063) moved wrongly! 2.3556951296732684
[24Jul2025 00:31:30.057] [Server thread/WARN] [net.minecraft.server.network.ServerGamePacketListenerImpl/]: Boat (vehicle of Otaku6063) moved wrongly! 0.627834408698476
[24Jul2025 00:31:52.407] [Server thread/WARN] [net.minecraft.server.network.ServerGamePacketListenerImpl/]: Boat (vehicle of Otaku6063) moved too quickly! 6.743369903844268,0.0,7.916843268128332
[24Jul2025 00:31:52.408] [Server thread/WARN] [net.minecraft.server.network.ServerGamePacketListenerImpl/]: Boat (vehicle of Otaku6063) moved too quickly! 7.002743506995557,0.0,8.221326504348994
[24Jul2025 00:31:52.408] [Server thread/WARN] [net.minecraft.server.network.ServerGamePacketListenerImpl/]: Boat (vehicle of Otaku6063) moved too quickly! 7.262117399588533,0.0,8.525809505561142
[24Jul2025 00:31:52.408] [Server thread/WARN] [net.minecraft.server.network.ServerGamePacketListenerImpl/]: Boat (vehicle of Otaku6063) moved too quickly! 7.521491552678981,0.0,8.830292295265636
[24Jul2025 00:31:52.408] [Server thread/WARN] [net.minecraft.server.network.ServerGamePacketListenerImpl/]: Boat (vehicle of Otaku6063) moved too quickly! 7.780865940217154,0.0,9.134774894613244
[24Jul2025 00:31:52.408] [Server thread/WARN] [net.minecraft.server.network.ServerGamePacketListenerImpl/]: Boat (vehicle of Otaku6063) moved too quickly! 8.040240538758098,0.0,9.439257322639648
[24Jul2025 00:31:52.409] [Server thread/WARN] [net.minecraft.server.network.ServerGamePacketListenerImpl/]: Boat (vehicle of Otaku6063) moved too quickly! 8.299615327201536,0.0,9.743739596476985
[24Jul2025 00:31:52.409] [Server thread/WARN] [net.minecraft.server.network.ServerGamePacketListenerImpl/]: Boat (vehicle of Otaku6063) moved too quickly! 8.558990286557218,0.0,10.04822173154416
[24Jul2025 00:31:52.409] [Server thread/WARN] [net.minecraft.server.network.ServerGamePacketListenerImpl/]: Boat (vehicle of Otaku6063) moved too quickly! 8.81836539973392,0.0,10.352703741718202
[24Jul2025 00:32:59.651] [Server thread/INFO] [net.minecraft.server.MinecraftServer/]: [Not Secure] <Otaku6063> hola?
[24Jul2025 00:33:10.555] [Server thread/INFO] [net.minecraft.server.MinecraftServer/]: [Not Secure] <Otaku6063> no te escuho
[24Jul2025 00:47:24.557] [Server thread/WARN] [net.minecraft.server.network.ServerGamePacketListenerImpl/]: Curlyelperroo moved too quickly! 3.609107710869921,-0.24785109963254115,-9.42713020292149
[24Jul2025 00:52:36.002] [Server thread/WARN] [net.minecraft.server.network.ServerGamePacketListenerImpl/]: Boat (vehicle of Otaku6063) moved wrongly! 0.2620339686313855
[24Jul2025 00:56:31.562] [Server thread/WARN] [net.minecraft.server.network.ServerGamePacketListenerImpl/]: Otaku6063 moved too quickly! -0.22724393057933412,7.900241754753225,6.291591768782837
[24Jul2025 00:56:37.297] [Server thread/INFO] [net.minecraft.server.MinecraftServer/]: Otaku6063 drowned
[24Jul2025 00:56:38.572] [Server thread/INFO] [net.minecraft.server.MinecraftServer/]: [Curlyelperroo: Teleported Otaku6063 to Curlyelperroo]
[24Jul2025 00:56:54.819] [Server thread/INFO] [net.minecraft.server.MinecraftServer/]: [Otaku6063: Teleported Otaku6063 to Curlyelperroo]
[24Jul2025 00:56:54.900] [Server thread/INFO] [net.minecraft.server.MinecraftServer/]: [Curlyelperroo: Teleported Otaku6063 to Curlyelperroo]
[24Jul2025 00:57:13.417] [Server thread/WARN] [net.minecraft.server.network.ServerGamePacketListenerImpl/]: Boat (vehicle of Curlyelperroo) moved wrongly! 0.26587044098732804
[24Jul2025 00:57:15.366] [Server thread/WARN] [net.minecraft.server.network.ServerGamePacketListenerImpl/]: Boat (vehicle of Curlyelperroo) moved wrongly! 0.47638265044088257
[24Jul2025 00:57:15.415] [Server thread/WARN] [net.minecraft.server.network.ServerGamePacketListenerImpl/]: Boat (vehicle of Curlyelperroo) moved wrongly! 0.6015209747456538
[24Jul2025 00:59:56.068] [Server thread/INFO] [net.minecraft.world.entity.LivingEntity/]: Named entity Skeletonpose3Entity['Otaku6063's corpse'/52036, l='ServerLevel[world]', x=3557.50, y=62.57, z=1841.50] died: Otaku6063's corpse was slain by Otaku6063
[24Jul2025 01:07:18.620] [Server thread/INFO] [net.minecraft.server.MinecraftServer/]: [Curlyelperroo: Teleported Otaku6063 to Curlyelperroo]
[24Jul2025 01:09:51.880] [Server thread/INFO] [net.minecraft.server.MinecraftServer/]: Otaku6063 has made the advancement [Ice Bucket Challenge]
[24Jul2025 01:17:51.806] [Server thread/INFO] [net.minecraft.server.MinecraftServer/]: [Not Secure] <Otaku6063> de mi pene
[24Jul2025 01:17:57.330] [Server thread/INFO] [net.minecraft.server.MinecraftServer/]: [Not Secure] <Otaku6063> asfa
[24Jul2025 01:18:51.320] [Server thread/INFO] [net.minecraft.server.MinecraftServer/]: Curlyelperroo was doomed to fall by Crawler
[24Jul2025 01:19:01.776] [Server thread/INFO] [net.minecraft.server.MinecraftServer/]: [Curlyelperroo: Teleported Curlyelperroo to Otaku6063]
[24Jul2025 01:19:31.815] [Server thread/INFO] [net.minecraft.world.entity.LivingEntity/]: Named entity Skeletonpose4Entity['Curlyelperroo's corpse'/67432, l='ServerLevel[world]', x=4378.50, y=136.00, z=2025.50] died: Curlyelperroo's corpse was slain by Curlyelperroo
[24Jul2025 01:21:34.571] [Server thread/INFO] [net.minecraft.server.MinecraftServer/]: [Curlyelperroo: Teleported Curlyelperroo to Otaku6063]
[24Jul2025 01:26:30.753] [Server thread/INFO] [net.minecraft.server.MinecraftServer/]: [Not Secure] <Otaku6063> zzz
[24Jul2025 01:30:37.367] [Worker-Main-2/ERROR] [net.minecraft.Util/]: Detected setBlock in a far chunk [323, 241], pos: MutableBlockPos{x=5168, y=-7, z=3867}, status: minecraft:features, currently generating: ResourceKey[minecraft:worldgen/placed_feature / terralith:cave/thermal/dripstone]
[24Jul2025 01:30:39.249] [Server thread/WARN] [net.minecraft.server.network.ServerGamePacketListenerImpl/]: Boat (vehicle of Otaku6063) moved too quickly! 4.865940879565642,0.0,9.048369947166066
[24Jul2025 01:30:39.250] [Server thread/WARN] [net.minecraft.server.network.ServerGamePacketListenerImpl/]: Boat (vehicle of Otaku6063) moved too quickly! 5.0281264024761185,0.0,9.412767327495658
[24Jul2025 01:30:39.250] [Server thread/WARN] [net.minecraft.server.network.ServerGamePacketListenerImpl/]: Boat (vehicle of Otaku6063) moved too quickly! 5.189482158815736,0.0,9.777644819411307
[24Jul2025 01:30:39.250] [Server thread/WARN] [net.minecraft.server.network.ServerGamePacketListenerImpl/]: Boat (vehicle of Otaku6063) moved too quickly! 5.213601668098818,0.0,10.140358950508471
[24Jul2025 01:30:39.251] [Server thread/WARN] [net.minecraft.server.network.ServerGamePacketListenerImpl/]: Boat (vehicle of Otaku6063) moved too quickly! 5.213601668098818,0.0,10.140358950508471
[24Jul2025 01:30:39.251] [Server thread/WARN] [net.minecraft.server.network.ServerGamePacketListenerImpl/]: Boat (vehicle of Otaku6063) moved too quickly! 5.213601668098818,0.0,10.140358950508471
[24Jul2025 01:30:39.251] [Server thread/WARN] [net.minecraft.server.network.ServerGamePacketListenerImpl/]: Boat (vehicle of Otaku6063) moved too quickly! 5.213601668098818,0.0,10.140358950508471
[24Jul2025 01:30:39.251] [Server thread/WARN] [net.minecraft.server.network.ServerGamePacketListenerImpl/]: Boat (vehicle of Otaku6063) moved too quickly! 5.213601668098818,0.0,10.140358950508471
[24Jul2025 01:35:02.102] [Server thread/INFO] [net.minecraft.server.MinecraftServer/]: [Not Secure] <Otaku6063> rla nieve
[24Jul2025 01:36:55.851] [Server thread/WARN] [net.minecraft.server.network.ServerGamePacketListenerImpl/]: Otaku6063 moved too quickly! 7.775991044051807,2.538905920684485,-5.844736363333141
[24Jul2025 01:37:57.399] [Server thread/INFO] [net.minecraft.server.MinecraftServer/]: [Curlyelperroo: Teleported Curlyelperroo to Otaku6063]
[24Jul2025 01:38:35.856] [Server thread/INFO] [net.minecraft.server.MinecraftServer/]: [Otaku6063: Teleported Curlyelperroo to Otaku6063]
[24Jul2025 01:42:17.316] [Server thread/WARN] [net.minecraft.server.network.ServerGamePacketListenerImpl/]: Curlyelperroo moved too quickly! 6.286633138103753,-5.145106700651638,-6.283322239961308
[24Jul2025 01:44:06.926] [Server thread/INFO] [net.minecraft.server.MinecraftServer/]: [Otaku6063: Teleported Otaku6063 to Curlyelperroo]
[24Jul2025 01:44:33.800] [Server thread/INFO] [net.minecraft.server.MinecraftServer/]: [Curlyelperroo: Teleported Curlyelperroo to Otaku6063]
[24Jul2025 01:45:34.902] [Server thread/INFO] [net.minecraft.server.MinecraftServer/]: [Curlyelperroo: Set own game mode to Spectator Mode]
[24Jul2025 01:46:25.858] [Server thread/WARN] [net.minecraft.server.network.ServerGamePacketListenerImpl/]: Curlyelperroo moved too quickly! -7.755903632348236,0.0,10.380473286241795
[24Jul2025 01:46:27.669] [Server thread/WARN] [net.minecraft.server.network.ServerGamePacketListenerImpl/]: Curlyelperroo moved too quickly! 1.0991813744203682,0.0,11.635967031045766
[24Jul2025 01:50:29.279] [Server thread/INFO] [net.minecraft.server.MinecraftServer/]: [Curlyelperroo: Set own game mode to Survival Mode]
[24Jul2025 01:50:37.455] [Server thread/INFO] [net.minecraft.server.MinecraftServer/]: [Curlyelperroo: Teleported Curlyelperroo to Otaku6063]
[24Jul2025 01:53:06.776] [Server thread/INFO] [net.minecraft.server.MinecraftServer/]: [Otaku6063: Set own game mode to Creative Mode]
[24Jul2025 01:53:26.751] [Server thread/INFO] [net.minecraft.server.MinecraftServer/]: [Otaku6063: Set own game mode to Survival Mode]
[24Jul2025 01:53:27.913] [Server thread/INFO] [net.minecraft.server.MinecraftServer/]: [Curlyelperroo: Set own game mode to Creative Mode]
[24Jul2025 01:53:31.920] [Server thread/INFO] [net.minecraft.server.MinecraftServer/]: [Curlyelperroo: Teleported Curlyelperroo to Otaku6063]
[24Jul2025 01:54:52.496] [Server thread/INFO] [net.minecraft.server.MinecraftServer/]: [Curlyelperroo: Teleported Curlyelperroo to Otaku6063]
[24Jul2025 01:55:33.755] [Server thread/INFO] [net.minecraft.server.MinecraftServer/]: [Curlyelperroo: Teleported Curlyelperroo to Otaku6063]
[24Jul2025 01:55:47.001] [Server thread/INFO] [net.minecraft.server.MinecraftServer/]: [Otaku6063: Set own game mode to Creative Mode]
[24Jul2025 01:55:59.895] [Server thread/INFO] [net.minecraft.server.MinecraftServer/]: [Otaku6063: Set own game mode to Survival Mode]
[24Jul2025 01:56:01.701] [Server thread/INFO] [net.minecraft.server.MinecraftServer/]: [Curlyelperroo: Teleported Curlyelperroo to Otaku6063]
[24Jul2025 01:56:45.795] [Server thread/INFO] [net.minecraft.server.MinecraftServer/]: [Curlyelperroo: Teleported Curlyelperroo to Otaku6063]
[24Jul2025 02:00:40.492] [Server thread/INFO] [net.minecraft.server.MinecraftServer/]: [Otaku6063: Set own game mode to Creative Mode]
[24Jul2025 02:00:48.640] [Server thread/INFO] [net.minecraft.server.MinecraftServer/]: [Otaku6063: Set own game mode to Survival Mode]
[24Jul2025 02:01:14.248] [Server thread/INFO] [com.dannyboythomas.hole_filler_mod.HoleFillerMod/]: Otaku6063 threw a [Hole Filler] from (7362.89, 80.00, 2981.33).
 Impact position: BlockPos{x=7360, y=79, z=2984}. Hole Size: 155. Creative: false
[24Jul2025 02:01:18.745] [Server thread/INFO] [com.dannyboythomas.hole_filler_mod.HoleFillerMod/]: Otaku6063 threw a [Hole Filler] from (7359.58, 80.00, 2989.64).
 Impact position: BlockPos{x=7361, y=79, z=2994}. Hole Size: 153. Creative: false
[24Jul2025 02:02:07.641] [Server thread/INFO] [com.dannyboythomas.hole_filler_mod.HoleFillerMod/]: Otaku6063 threw a [Hole Filler] from (7338.90, 80.00, 2951.11).
 Impact position: BlockPos{x=7337, y=79, z=2956}. Hole Size: 8. Creative: false
[24Jul2025 02:02:09.396] [Server thread/INFO] [com.dannyboythomas.hole_filler_mod.HoleFillerMod/]: Otaku6063 threw a [Hole Filler] from (7338.90, 80.00, 2951.10).
 Impact position: BlockPos{x=7341, y=79, z=2956}. Hole Size: 192. Creative: false
[24Jul2025 02:02:51.853] [Server thread/INFO] [com.dannyboythomas.hole_filler_mod.HoleFillerMod/]: Otaku6063 threw a [Hole Filler] from (7369.62, 54.00, 2968.70).
 Impact position: BlockPos{x=7371, y=48, z=2966}. Hole Size: 499. Creative: false
[24Jul2025 02:02:57.274] [Server thread/INFO] [net.minecraft.server.MinecraftServer/]: [Otaku6063: Teleported Otaku6063 to Curlyelperroo]
[24Jul2025 02:03:20.543] [Server thread/INFO] [com.dannyboythomas.hole_filler_mod.HoleFillerMod/]: Otaku6063 threw a [Hole Filler] from (7356.30, 69.00, 2969.02).
 Impact position: BlockPos{x=7361, y=65, z=2967}. Hole Size: 125. Creative: false
[24Jul2025 02:03:24.258] [Server thread/INFO] [net.minecraft.server.MinecraftServer/]: [Otaku6063: Teleported Otaku6063 to Curlyelperroo]
[24Jul2025 02:04:58.192] [Server thread/INFO] [com.dannyboythomas.hole_filler_mod.HoleFillerMod/]: Otaku6063 threw a [Hole Filler] from (7359.27, 80.00, 2994.55).
 Impact position: BlockPos{x=7356, y=79, z=2999}. Hole Size: 179. Creative: false
[24Jul2025 02:05:37.428] [Server thread/INFO] [net.minecraft.server.MinecraftServer/]: [Not Secure] <Otaku6063> gg
[24Jul2025 02:07:52.591] [Server thread/INFO] [net.minecraft.server.network.ServerGamePacketListenerImpl/]: Curlyelperroo lost connection: Timed out
[24Jul2025 02:07:52.591] [Server thread/INFO] [net.minecraft.server.MinecraftServer/]: Curlyelperroo left the game
[24Jul2025 02:08:13.840] [Server thread/INFO] [net.minecraft.server.network.ServerLoginPacketListenerImpl/]: com.mojang.authlib.GameProfile@49f6bc8d[id=<null>,name=Curlyelperroo,properties={},legacy=false] (/172.22.1.61:56531) lost connection: Disconnected
[24Jul2025 02:08:48.738] [Server thread/INFO] [net.minecraft.server.network.ServerLoginPacketListenerImpl/]: com.mojang.authlib.GameProfile@8b80099[id=<null>,name=Curlyelperroo,properties={},legacy=false] (/172.22.1.61:56532) lost connection: Timed out
[24Jul2025 02:08:54.149] [Server thread/INFO] [net.minecraft.server.players.PlayerList/]: Curlyelperroo[/172.22.1.61:56535] logged in with entity id 110617 at (7407.646072655454, 77.24918707874468, 2942.275587130526)
[24Jul2025 02:08:54.161] [Server thread/INFO] [net.minecraft.server.MinecraftServer/]: Curlyelperroo joined the game
[24Jul2025 02:08:54.208] [Server thread/INFO] [Jade/]: Syncing config to Curlyelperroo (143bd22d-2d84-37b2-b23a-7c012410f6a8)
[24Jul2025 02:11:30.268] [Server thread/INFO] [net.minecraft.server.MinecraftServer/]: [Curlyelperroo: Set own game mode to Survival Mode]
[24Jul2025 02:12:57.240] [Server thread/INFO] [com.dannyboythomas.hole_filler_mod.HoleFillerMod/]: Otaku6063 threw a [Hole Filler - Choice] from (7360.68, 80.00, 2975.45).
 Impact position: BlockPos{x=7362, y=79, z=2968}. Hole Size: 49. Creative: false
[24Jul2025 02:13:35.392] [Server thread/INFO] [com.dannyboythomas.hole_filler_mod.HoleFillerMod/]: Otaku6063 threw a [Hole Filler - Choice] from (7356.39, 80.00, 2966.10).
 Impact position: BlockPos{x=7362, y=79, z=2964}. Hole Size: 59. Creative: false
[24Jul2025 02:15:33.791] [Server thread/INFO] [net.minecraft.server.MinecraftServer/]: [Otaku6063: Set own game mode to Creative Mode]
[24Jul2025 02:15:41.239] [Server thread/INFO] [net.minecraft.server.MinecraftServer/]: [Otaku6063: Set own game mode to Survival Mode]
[24Jul2025 02:16:06.589] [Server thread/INFO] [net.minecraft.server.network.ServerGamePacketListenerImpl/]: Otaku6063 lost connection: Timed out
[24Jul2025 02:16:06.589] [Server thread/INFO] [net.minecraft.server.MinecraftServer/]: Otaku6063 left the game
[24Jul2025 02:16:36.139] [Server thread/INFO] [net.minecraft.server.network.ServerGamePacketListenerImpl/]: Curlyelperroo lost connection: Disconnected
[24Jul2025 02:16:36.139] [Server thread/INFO] [net.minecraft.server.MinecraftServer/]: Curlyelperroo left the game
[24Jul2025 02:21:48.140] [Server thread/INFO] [net.minecraft.server.players.PlayerList/]: Otaku6063[/172.22.42.121:53225] logged in with entity id 112663 at (7357.168000472544, 80.76636799395752, 2967.69728885405)
[24Jul2025 02:21:48.145] [Server thread/INFO] [ModernFix/]: Using enhanced recipe sync for player Otaku6063
[24Jul2025 02:21:48.152] [Server thread/INFO] [net.minecraft.server.MinecraftServer/]: Otaku6063 joined the game
[24Jul2025 02:21:48.155] [Server thread/INFO] [Jade/]: Syncing config to Otaku6063 (25f1de13-4001-3ca5-9353-f2b93d25a972)
[24Jul2025 02:33:27.245] [Server thread/INFO] [net.minecraft.server.MinecraftServer/]: Otaku6063 was blown up by Creeper
[24Jul2025 02:33:49.225] [Server thread/INFO] [net.minecraft.world.entity.LivingEntity/]: Named entity Skeletonpose5Entity['Otaku6063's corpse'/115987, l='ServerLevel[world]', x=7342.50, y=78.00, z=3002.50] died: Otaku6063's corpse was slain by Otaku6063
[24Jul2025 02:37:49.890] [Server thread/INFO] [net.minecraft.server.network.ServerGamePacketListenerImpl/]: Otaku6063 lost connection: Timed out
[24Jul2025 02:37:49.890] [Server thread/INFO] [net.minecraft.server.MinecraftServer/]: Otaku6063 left the game
[24Jul2025 02:38:05.737] [Server thread/INFO] [net.minecraft.server.players.PlayerList/]: Otaku6063[/172.22.42.121:62117] logged in with entity id 117430 at (7360.899061324751, 81.17675927506424, 2969.6405852044254)
[24Jul2025 02:38:05.741] [Server thread/INFO] [ModernFix/]: Using enhanced recipe sync for player Otaku6063
[24Jul2025 02:38:05.747] [Server thread/INFO] [net.minecraft.server.MinecraftServer/]: Otaku6063 joined the game
[24Jul2025 02:38:05.751] [Server thread/INFO] [Jade/]: Syncing config to Otaku6063 (25f1de13-4001-3ca5-9353-f2b93d25a972)
[24Jul2025 02:45:06.188] [Server thread/INFO] [net.minecraft.server.network.ServerGamePacketListenerImpl/]: Otaku6063 lost connection: Disconnected
[24Jul2025 02:45:06.188] [Server thread/INFO] [net.minecraft.server.MinecraftServer/]: Otaku6063 left the game
[24Jul2025 02:45:11.781] [Server thread/INFO] [net.minecraft.server.MinecraftServer/]: Stopping the server
[24Jul2025 02:45:11.831] [Server thread/INFO] [net.minecraft.server.MinecraftServer/]: Stopping server
[24Jul2025 02:45:11.832] [Server thread/INFO] [net.minecraft.server.MinecraftServer/]: Saving players
[24Jul2025 02:45:11.832] [Server thread/INFO] [net.minecraft.server.MinecraftServer/]: Saving worlds
[24Jul2025 02:45:11.838] [Server thread/INFO] [net.minecraft.server.MinecraftServer/]: Saving chunks for level 'ServerLevel[world]'/minecraft:overworld
[24Jul2025 02:45:11.883] [Server thread/INFO] [net.minecraft.server.MinecraftServer/]: Saving chunks for level 'ServerLevel[world]'/minecraft:the_nether
[24Jul2025 02:45:11.883] [Server thread/INFO] [net.minecraft.server.MinecraftServer/]: Saving chunks for level 'ServerLevel[world]'/the_doppelganger:subworld
[24Jul2025 02:45:11.884] [Server thread/INFO] [net.minecraft.server.MinecraftServer/]: Saving chunks for level 'ServerLevel[world]'/minecraft:the_end
[24Jul2025 02:45:11.921] [Server thread/INFO] [net.minecraft.server.MinecraftServer/]: ThreadedAnvilChunkStorage (world): All chunks are saved
[24Jul2025 02:45:11.921] [Server thread/INFO] [net.minecraft.server.MinecraftServer/]: ThreadedAnvilChunkStorage (DIM-1): All chunks are saved
[24Jul2025 02:45:11.921] [Server thread/INFO] [net.minecraft.server.MinecraftServer/]: ThreadedAnvilChunkStorage (subworld): All chunks are saved
[24Jul2025 02:45:11.921] [Server thread/INFO] [net.minecraft.server.MinecraftServer/]: ThreadedAnvilChunkStorage (DIM1): All chunks are saved
[24Jul2025 02:45:11.921] [Server thread/INFO] [net.minecraft.server.MinecraftServer/]: ThreadedAnvilChunkStorage: All dimensions are saved
[24Jul2025 02:45:13.688] [Server thread/INFO] [net.petemc.mutantszombies.MutantsZombies/]: Loading mutantszombies server config
